This file contains any messages produced by compilers while
running configure, to aid debugging if configure makes a mistake.

It was created by bashdb configure 4.4-0.92, which was
generated by GNU Autoconf 2.69.  Invocation command line was

  $ ./configure 

## --------- ##
## Platform. ##
## --------- ##

hostname = dell-laptop
uname -m = x86_64
uname -r = 3.16.0-4-amd64
uname -s = Linux
uname -v = #1 SMP Debian 3.16.7-ckt25-2+deb8u3 (2016-07-02)

/usr/bin/uname -p = unknown
/bin/uname -X     = unknown

/bin/arch              = unknown
/usr/bin/arch -k       = unknown
/usr/convex/getsysinfo = unknown
/usr/bin/hostinfo      = unknown
/bin/machine           = unknown
/usr/bin/oslevel       = unknown
/bin/universe          = unknown

PATH: /home/carl/bin
PATH: /sbin
PATH: /usr/sbin
PATH: /home/carl/bin
PATH: /usr/local/bin
PATH: /usr/bin
PATH: /bin
PATH: /usr/local/games
PATH: /usr/games


## ----------- ##
## Core tests. ##
## ----------- ##

configure:3614: checking build system type
configure:3628: result: x86_64-unknown-linux-gnu
configure:3648: checking host system type
configure:3661: result: x86_64-unknown-linux-gnu
configure:3702: checking how to print strings
configure:3729: result: printf
configure:3750: checking for a sed that does not truncate output
configure:3814: result: /bin/sed
configure:3832: checking for fgrep
configure:3894: result: /bin/fgrep
configure:3962: checking for non-GNU ld
configure:3996: result: /usr/bin/ld
configure:4003: checking if the linker (/usr/bin/ld) is GNU ld
configure:4018: result: yes
configure:4030: checking for BSD- or MS-compatible name lister (nm)
configure:4079: result: /usr/bin/nm -B
configure:4209: checking the name lister (/usr/bin/nm -B) interface
configure:4216:  -c   conftest.c >&5
./configure: line 4217: -c: command not found
configure:4219: /usr/bin/nm -B "conftest."
/usr/bin/nm: 'conftest.': No such file
configure:4222: output
configure:4229: result: BSD nm
configure:4232: checking whether ln -s works
configure:4236: result: yes
configure:4244: checking the maximum length of command line arguments
configure:4374: result: 1572864
configure:4391: checking whether the shell understands some XSI constructs
configure:4401: result: yes
configure:4405: checking whether the shell understands "+="
configure:4411: result: yes
configure:4446: checking how to convert x86_64-unknown-linux-gnu file names to x86_64-unknown-linux-gnu format
configure:4486: result: func_convert_file_noop
configure:4493: checking how to convert x86_64-unknown-linux-gnu file names to toolchain format
configure:4513: result: func_convert_file_noop
configure:4520: checking for /usr/bin/ld option to reload object files
configure:4527: result: -r
configure:4601: checking for objdump
configure:4617: found /usr/bin/objdump
configure:4628: result: objdump
configure:4660: checking how to recognize dependent libraries
configure:4862: result: pass_all
configure:4947: checking for dlltool
configure:4977: result: no
configure:5007: checking how to associate runtime and link libraries
configure:5034: result: printf %s\n
configure:5094: checking for ar
configure:5110: found /usr/bin/ar
configure:5121: result: ar
configure:5158: checking for archiver @FILE support
configure:5175:  -c   conftest.c >&5
./configure: line 1552: -c: command not found
configure:5175: $? = 127
configure: failed program was:
| /* confdefs.h */
| #define PACKAGE_NAME "bashdb"
| #define PACKAGE_TARNAME "bashdb"
| #define PACKAGE_VERSION "4.4-0.92"
| #define PACKAGE_STRING "bashdb 4.4-0.92"
| #define PACKAGE_BUGREPORT "bashdb-devel@lists.sourceforge.net"
| #define PACKAGE_URL ""
| /* end confdefs.h.  */
| 
| int
| main ()
| {
| 
|   ;
|   return 0;
| }
configure:5201: result: no
configure:5259: checking for strip
configure:5275: found /usr/bin/strip
configure:5286: result: strip
configure:5358: checking for ranlib
configure:5374: found /usr/bin/ranlib
configure:5385: result: ranlib
configure:5462: checking for gawk
configure:5478: found /usr/bin/gawk
configure:5489: result: gawk
configure:5529: checking command to parse /usr/bin/nm -B output from  object
configure:5649:  -c   conftest.c >&5
./configure: line 5650: -c: command not found
configure:5652: $? = 127
: failed program was:
#ifdef __cplusplus
extern "C" {
#endif
char nm_test_var;
void nm_test_func(void);
void nm_test_func(void){}
#ifdef __cplusplus
}
#endif
int main(){nm_test_var='a';nm_test_func();return(0);}
configure:5649:  -c   conftest.c >&5
./configure: line 5650: -c: command not found
configure:5652: $? = 127
: failed program was:
#ifdef __cplusplus
extern "C" {
#endif
char nm_test_var;
void nm_test_func(void);
void nm_test_func(void){}
#ifdef __cplusplus
}
#endif
int main(){nm_test_var='a';nm_test_func();return(0);}
configure:5763: result: failed
configure:5803: checking for sysroot
configure:5833: result: no
configure:5910:  -c   conftest.c >&5
./configure: line 5911: -c: command not found
configure:5913: $? = 127
configure:6089: checking for mt
configure:6105: found /bin/mt
configure:6116: result: mt
configure:6139: checking if mt is a manifest tool
configure:6145: mt '-?'
configure:6153: result: no
configure:6792: checking for dlfcn.h
configure:6792:  -c   conftest.c >&5
./configure: line 1552: -c: command not found
configure:6792: $? = 127
configure: failed program was:
| /* confdefs.h */
| #define PACKAGE_NAME "bashdb"
| #define PACKAGE_TARNAME "bashdb"
| #define PACKAGE_VERSION "4.4-0.92"
| #define PACKAGE_STRING "bashdb 4.4-0.92"
| #define PACKAGE_BUGREPORT "bashdb-devel@lists.sourceforge.net"
| #define PACKAGE_URL ""
| /* end confdefs.h.  */
| #include <stdio.h>
| #ifdef HAVE_SYS_TYPES_H
| # include <sys/types.h>
| #endif
| #ifdef HAVE_SYS_STAT_H
| # include <sys/stat.h>
| #endif
| #ifdef STDC_HEADERS
| # include <stdlib.h>
| # include <stddef.h>
| #else
| # ifdef HAVE_STDLIB_H
| #  include <stdlib.h>
| # endif
| #endif
| #ifdef HAVE_STRING_H
| # if !defined STDC_HEADERS && defined HAVE_MEMORY_H
| #  include <memory.h>
| # endif
| # include <string.h>
| #endif
| #ifdef HAVE_STRINGS_H
| # include <strings.h>
| #endif
| #ifdef HAVE_INTTYPES_H
| # include <inttypes.h>
| #endif
| #ifdef HAVE_STDINT_H
| # include <stdint.h>
| #endif
| #ifdef HAVE_UNISTD_H
| # include <unistd.h>
| #endif
| 
| #include <dlfcn.h>
configure:6792: result: no
configure:6998: checking for objdir
configure:7013: result: .libs
configure:7646: checking for cc option to produce PIC
configure:7653: result:  -DPIC
configure:7661: checking if cc PIC flag  -DPIC works
configure:7679: cc -c    -DPIC -DPIC conftest.c >&5
configure:7683: $? = 0
configure:7696: result: yes
configure:7725: checking if cc static flag  works
configure:7753: result: yes
configure:7768: checking if cc supports -c -o file.o
configure:7789: cc -c   -o out/conftest2.o conftest.c >&5
configure:7793: $? = 0
configure:7815: result: yes
configure:7823: checking if cc supports -c -o file.o
configure:7870: result: yes
configure:7903: checking whether the cc linker (/usr/bin/ld) supports shared libraries
configure:9060: result: no
configure:9300: checking dynamic linker characteristics
configure:9811: cc -o conftest     conftest.c  >&5
configure:9811: $? = 0
configure:10045: result: GNU/Linux ld.so
configure:10152: checking how to hardcode library paths into programs
configure:10177: result: unsupported
configure:10717: checking whether stripping libraries is possible
configure:10722: result: yes
configure:10757: checking if libtool supports shared libraries
configure:10759: result: no
configure:10762: checking whether to build shared libraries
configure:10783: result: no
configure:10786: checking whether to build static libraries
configure:10790: result: yes
configure:10835: checking for perl
configure:10853: found /usr/bin/perl
configure:10866: result: /usr/bin/perl
configure:10874: checking for grep that handles long lines and -e
configure:10932: result: grep
configure:10937: checking for a sed that does not truncate output
configure:11001: result: /bin/sed
configure:11011: checking whether to enable maintainer-specific portions of Makefiles
configure:11020: result: no
configure:11070: checking for a BSD-compatible install
configure:11138: result: /usr/bin/install -c
configure:11149: checking whether build environment is sane
configure:11204: result: yes
configure:11229: WARNING: 'missing' script is too old or missing
configure:11342: checking for a thread-safe mkdir -p
configure:11381: result: /bin/mkdir -p
configure:11384: checking whether make sets $(MAKE)
configure:11406: result: yes
configure:11436: checking for style of include used by make
configure:11464: result: GNU
configure:11498: checking whether make supports nested variables
configure:11515: result: yes
configure:11591: checking dependency style of cc
configure:11702: result: gcc3
configure:11794: checking whether ln -s works
configure:11798: result: yes
configure:11807: checking for rm
configure:11825: found /bin/rm
configure:11838: result: /bin/rm
configure:11861: checking for bash
configure:11879: found /bin/bash
configure:11892: result: /bin/bash
configure:11984: checking for diff
configure:12002: found /usr/bin/diff
configure:12015: result: /usr/bin/diff
configure:12071: result: adding -w to diff in regression tests
configure:12071: result: adding --unified to diff in regression tests
configure:12071: result: adding -b to diff in regression tests
configure:12287: checking that generated files are newer than configure
configure:12293: result: done
configure:12316: creating ./config.status

## ---------------------- ##
## Running config.status. ##
## ---------------------- ##

This file was extended by bashdb config.status 4.4-0.92, which was
generated by GNU Autoconf 2.69.  Invocation command line was

  CONFIG_FILES    = 
  CONFIG_HEADERS  = 
  CONFIG_LINKS    = 
  CONFIG_COMMANDS = 
  $ ./config.status 

on dell-laptop

config.status:1150: creating Makefile
config.status:1150: creating builtin/Makefile
config.status:1150: creating command/Makefile
config.status:1150: creating command/info_sub/Makefile
config.status:1150: creating command/set_sub/Makefile
config.status:1150: creating command/show_sub/Makefile
config.status:1150: creating data/Makefile
config.status:1150: creating doc/Makefile
config.status:1150: creating init/Makefile
config.status:1150: creating lib/Makefile
config.status:1150: creating test/Makefile
config.status:1150: creating test/data/Makefile
config.status:1150: creating test/example/Makefile
config.status:1150: creating test/integration/Makefile
config.status:1150: creating test/unit/Makefile
config.status:1150: creating test/unit/require_me.sh
config.status:1150: creating bashdb
config.status:1150: creating test/example/bugIFS.sh
config.status:1150: creating test/example/hanoi.sh
config.status:1150: creating test/example/interrupt.sh
config.status:1150: creating test/example/bug-args.sh
config.status:1150: creating test/unit/test-action.sh
config.status:1150: creating test/unit/test-alias.sh
config.status:1150: creating test/unit/test-bashdb-trace.sh
config.status:1150: creating test/unit/test-break.sh
config.status:1150: creating test/unit/test-cmd-complete.sh
config.status:1150: creating test/unit/test-cmd-eval.sh
config.status:1150: creating test/unit/test-columns.sh
config.status:1150: creating test/unit/test-eval.sh
config.status:1150: creating test/unit/test-file.sh
config.status:1150: creating test/unit/test-filecache.sh
config.status:1150: creating test/unit/test-get-sourceline.sh
config.status:1150: creating test/unit/test-fns.sh
config.status:1150: creating test/unit/test-frame.sh
config.status:1150: creating test/unit/test-lib-eval.sh
config.status:1150: creating test/unit/test-lib-list.sh
config.status:1150: creating test/unit/test-msg.sh
config.status:1150: creating test/unit/test-io.sh
config.status:1150: creating test/unit/test-pre.sh
config.status:1150: creating test/unit/test-require.sh
config.status:1150: creating test/unit/test-run.sh
config.status:1150: creating test/unit/test-save-restore.sh
config.status:1150: creating test/unit/test-set0.sh
config.status:1150: creating test/unit/test-sort.sh
config.status:1150: creating test/unit/test-validate.sh
config.status:1150: creating test/integration/test-bug-step-subshell
config.status:1150: creating test/integration/test-complete
config.status:1150: creating test/integration/test-debug
config.status:1150: creating test/integration/test-delete
config.status:1150: creating test/integration/test-export
config.status:1150: creating test/integration/test-file-with-spaces
config.status:1150: creating test/integration/test-interrupt
config.status:1150: creating test/integration/test-misc
config.status:1150: creating test/integration/test-setshow
config.status:1150: creating test/integration/test-info-args
config.status:1150: creating test/integration/test-sig
config.status:1150: creating bashdb-main.inc
config.status:1150: creating bashdb-trace
config.status:1150: creating doc/macros.texi
config.status:1150: creating test/integration/check-common.sh
config.status:1150: creating config.h
config.status:1379: executing libtool commands
config.status:1379: executing depfiles commands
config.status:1379: executing default commands

## ---------------- ##
## Cache variables. ##
## ---------------- ##

ac_cv_build=x86_64-unknown-linux-gnu
ac_cv_env_ALT_PACKAGE_NAME_set=
ac_cv_env_ALT_PACKAGE_NAME_value=
ac_cv_env_CC_set=
ac_cv_env_CC_value=
ac_cv_env_CFLAGS_set=
ac_cv_env_CFLAGS_value=
ac_cv_env_CPPFLAGS_set=
ac_cv_env_CPPFLAGS_value=
ac_cv_env_CPP_set=
ac_cv_env_CPP_value=
ac_cv_env_LDFLAGS_set=
ac_cv_env_LDFLAGS_value=
ac_cv_env_LIBS_set=
ac_cv_env_LIBS_value=
ac_cv_env_build_alias_set=
ac_cv_env_build_alias_value=
ac_cv_env_host_alias_set=
ac_cv_env_host_alias_value=
ac_cv_env_target_alias_set=
ac_cv_env_target_alias_value=
ac_cv_header_dlfcn_h=no
ac_cv_host=x86_64-unknown-linux-gnu
ac_cv_path_DIFF=/usr/bin/diff
ac_cv_path_FGREP=/bin/fgrep
ac_cv_path_GREP=grep
ac_cv_path_PERL=/usr/bin/perl
ac_cv_path_RM=/bin/rm
ac_cv_path_SED=/bin/sed
ac_cv_path_SH_PROG=/bin/bash
ac_cv_path_install='/usr/bin/install -c'
ac_cv_path_mkdir=/bin/mkdir
ac_cv_prog_AWK=gawk
ac_cv_prog_ac_ct_AR=ar
ac_cv_prog_ac_ct_MANIFEST_TOOL=mt
ac_cv_prog_ac_ct_OBJDUMP=objdump
ac_cv_prog_ac_ct_RANLIB=ranlib
ac_cv_prog_ac_ct_STRIP=strip
ac_cv_prog_make_make_set=yes
am_cv_CC_dependencies_compiler_type=gcc3
am_cv_make_support_nested_variables=yes
lt_cv_ar_at_file=no
lt_cv_deplibs_check_method=pass_all
lt_cv_file_magic_cmd='$MAGIC_CMD'
lt_cv_file_magic_test_file=
lt_cv_ld_reload_flag=-r
lt_cv_nm_interface='BSD nm'
lt_cv_objdir=.libs
lt_cv_path_LD=/usr/bin/ld
lt_cv_path_NM='/usr/bin/nm -B'
lt_cv_path_mainfest_tool=no
lt_cv_prog_compiler_c_o=yes
lt_cv_prog_compiler_pic=' -DPIC'
lt_cv_prog_compiler_pic_works=yes
lt_cv_prog_compiler_static_works=yes
lt_cv_prog_gnu_ld=yes
lt_cv_sharedlib_from_linklib_cmd='printf %s\n'
lt_cv_shlibpath_overrides_runpath=no
lt_cv_sys_global_symbol_pipe=
lt_cv_sys_global_symbol_to_c_name_address='sed -n -e '\''s/^: \([^ ]*\)[ ]*$/  {\"\1\", (void *) 0},/p'\'' -e '\''s/^[ABCDGIRSTW]* \([^ ]*\) \([^ ]*\)$/  {"\2", (void *) \&\2},/p'\'''
lt_cv_sys_global_symbol_to_c_name_address_lib_prefix='sed -n -e '\''s/^: \([^ ]*\)[ ]*$/  {\"\1\", (void *) 0},/p'\'' -e '\''s/^[ABCDGIRSTW]* \([^ ]*\) \(lib[^ ]*\)$/  {"\2", (void *) \&\2},/p'\'' -e '\''s/^[ABCDGIRSTW]* \([^ ]*\) \([^ ]*\)$/  {"lib\2", (void *) \&\2},/p'\'''
lt_cv_sys_global_symbol_to_cdecl=
lt_cv_sys_max_cmd_len=1572864
lt_cv_to_host_file_cmd=func_convert_file_noop
lt_cv_to_tool_file_cmd=func_convert_file_noop

## ----------------- ##
## Output variables. ##
## ----------------- ##

ACLOCAL='aclocal-1.14'
ALT_PACKAGE_NAME='bashdb'
AMDEPBACKSLASH='\'
AMDEP_FALSE='#'
AMDEP_TRUE=''
AMTAR='$${TAR-tar}'
AM_BACKSLASH='\'
AM_DEFAULT_V='$(AM_DEFAULT_VERBOSITY)'
AM_DEFAULT_VERBOSITY='1'
AM_V='$(V)'
AR='ar'
AUTOCONF='autoconf'
AUTOHEADER='autoheader'
AUTOMAKE='automake-1.14'
AWK='gawk'
BASHVERS='4.4'
BASH_SRC=''
BUILD_BUILTINS_FALSE=''
BUILD_BUILTINS_TRUE='#'
CC='cc'
CCDEPMODE='depmode=gcc3'
CFLAGS=''
CMDLINE_INVOKED='$0 == ${BASH_SOURCE}'
CPP=''
CPPFLAGS=''
CYGPATH_W='echo'
DBGR_MAIN='/usr/share/bashdb/bashdb-main.inc'
DEFS='-DHAVE_CONFIG_H'
DEPDIR='.deps'
DIFF='/usr/bin/diff'
DIFF_OPTS=' -w --unified -b'
DLLTOOL='false'
DSYMUTIL=''
DUMPBIN=''
ECHO_C=''
ECHO_N='-n'
ECHO_T=''
EGREP=''
EXEEXT=''
FGREP='/bin/fgrep'
GIT2CL='git2cl'
GREP='grep'
INSTALL_DATA='${INSTALL} -m 644'
INSTALL_PROGRAM='${INSTALL}'
INSTALL_SCRIPT='${INSTALL}'
INSTALL_STRIP_PROGRAM='$(install_sh) -c -s'
INTERPRETER_NAME='/usr/share/bin/bash'
LD='/usr/bin/ld'
LDFLAGS=''
LIBOBJS=''
LIBS=''
LIBTOOL='$(SHELL) $(top_builddir)/libtool'
LIPO=''
LN_S='ln -s'
LTLIBOBJS=''
MAINT='#'
MAINTAINER_MODE_FALSE=''
MAINTAINER_MODE_TRUE='#'
MAKEINFO='makeinfo'
MANIFEST_TOOL=':'
MKDIR_P='/bin/mkdir -p'
NM='/usr/bin/nm -B'
NMEDIT=''
OBJDUMP='objdump'
OBJEXT=''
OTOOL64=''
OTOOL=''
PACKAGE='bashdb'
PACKAGE_BUGREPORT='bashdb-devel@lists.sourceforge.net'
PACKAGE_NAME='bashdb'
PACKAGE_STRING='bashdb 4.4-0.92'
PACKAGE_TARNAME='bashdb'
PACKAGE_URL=''
PACKAGE_VERSION='4.4-0.92'
PATH_SEPARATOR=':'
PERL='/usr/bin/perl'
PIC=' -DPIC'
PKGDATADIR='${prefix}/share/bashdb'
RANLIB='ranlib'
RELSTATUS='0.92'
RM='/bin/rm'
SED='/bin/sed'
SET_MAKE=''
SHELL='/bin/bash'
SH_PROG='/bin/bash'
STRIP='strip'
VERSION='4.4-0.92'
WL=''
ac_ct_AR='ar'
ac_ct_CC=''
ac_ct_DUMPBIN=''
am__EXEEXT_FALSE=''
am__EXEEXT_TRUE='#'
am__fastdepCC_FALSE='#'
am__fastdepCC_TRUE=''
am__include='include'
am__isrc=''
am__leading_dot='.'
am__nodep='_no'
am__quote=''
am__tar='$${TAR-tar} chof - "$$tardir"'
am__untar='$${TAR-tar} xf -'
bindir='${exec_prefix}/bin'
build='x86_64-unknown-linux-gnu'
build_alias=''
build_cpu='x86_64'
build_os='linux-gnu'
build_vendor='unknown'
datadir='${datarootdir}'
datarootdir='${prefix}/share'
docdir='${datarootdir}/doc/${PACKAGE_TARNAME}'
dvidir='${docdir}'
exec_prefix='${prefix}'
host='x86_64-unknown-linux-gnu'
host_alias=''
host_cpu='x86_64'
host_os='linux-gnu'
host_vendor='unknown'
htmldir='${docdir}'
includedir='${prefix}/include'
infodir='${datarootdir}/info'
install_sh='${SHELL} /install-sh'
libdir='${exec_prefix}/lib'
libexecdir='${exec_prefix}/libexec'
localedir='${datarootdir}/locale'
localstatedir='${prefix}/var'
mandir='${datarootdir}/man'
mkdir_p='$(MKDIR_P)'
oldincludedir='/usr/include'
pdfdir='${docdir}'
prefix='/usr/share'
program_transform_name='s,x,x,'
psdir='${docdir}'
sbindir='${exec_prefix}/sbin'
sharedstatedir='${prefix}/com'
sysconfdir='${prefix}/etc'
target_alias=''

## ----------- ##
## confdefs.h. ##
## ----------- ##

/* confdefs.h */
#define PACKAGE_NAME "bashdb"
#define PACKAGE_TARNAME "bashdb"
#define PACKAGE_VERSION "4.4-0.92"
#define PACKAGE_STRING "bashdb 4.4-0.92"
#define PACKAGE_BUGREPORT "bashdb-devel@lists.sourceforge.net"
#define PACKAGE_URL ""
#define LT_OBJDIR ".libs/"
#define PACKAGE bashdb
#define VERSION 4.4-0.92
#define PACKAGE bashdb
#define VERSION 4.4-0.92

configure: exit 0
