[ OK ] 2016-08-01 18:07:02 gw netinf eth0 UP BROADCAST RUNNING MULTICAST MTU:1500 Metric:1
[ OK ] 2016-08-01 18:07:02 gw netinf eth1 UP BROADCAST RUNNING MULTICAST MTU:1500 Metric:1
[ OK ] 2016-08-01 18:07:02 gw systemd sshd Active: active (running) since Mon 2016-08-01 16:38:30 BST; 1h 28min ago
2016-08-01 18:22:15 [ OK ] dell-laptop netinf eth0 UP BROADCAST RUNNING MULTICAST MTU:1500 Metric:1
2016-08-01 18:22:15 [ OK ] dell-laptop netinf wlan0 UP BROADCAST RUNNING MULTICAST MTU:1500 Metric:1
2016-08-01 18:23:11 [ OK ] dell-laptop netinf eth0 UP BROADCAST RUNNING MULTICAST MTU:1500 Metric:1
2016-08-01 18:23:11 [ OK ] dell-laptop netinf wlan0 UP BROADCAST RUNNING MULTICAST MTU:1500 Metric:1
2016-08-01 18:28:15 [ OK ] dell-laptop netinf eth0 " UP BROADCAST RUNNING MULTICAST MTU:1500 Metric:1"
2016-08-01 18:28:15 [ OK ] dell-laptop netinf wlan0 " UP BROADCAST RUNNING MULTICAST MTU:1500 Metric:1"
2016-08-01 18:28:15 [ OK ] dell-laptop systemd sshd " Active: active (running) since Mon 2016-08-01 17:37:36 BST; 50min ago"
2016-08-01 18:28:15 [ OK ] dell-laptop systemd autofs " Active: active (running) since Mon 2016-08-01 17:37:45 BST; 50min ago"
2016-08-01 18:31:44 [ OK ] dell-laptop netinf eth0 " UP BROADCAST RUNNING MULTICAST MTU:1500 Metric:1"
2016-08-01 18:31:44 [ OK ] dell-laptop netinf wlan0 " UP BROADCAST RUNNING MULTICAST MTU:1500 Metric:1"
2016-08-01 18:31:44 [ OK ] dell-laptop systemd sshd " Active: active (running) since Mon 2016-08-01 17:37:36 BST; 54min ago"
2016-08-01 18:31:44 [ OK ] dell-laptop systemd autofs " Active: active (running) since Mon 2016-08-01 17:37:45 BST; 53min ago"
2016-08-01 18:33:39 [ OK ] dell-laptop netinf eth0 " UP BROADCAST RUNNING MULTICAST MTU:1500 Metric:1"
2016-08-01 18:33:39 [ OK ] dell-laptop netinf wlan0 " UP BROADCAST RUNNING MULTICAST MTU:1500 Metric:1"
2016-08-01 18:33:39 [ OK ] dell-laptop systemd sshd " Active: active (running) since Mon 2016-08-01 17:37:36 BST; 56min ago"
2016-08-01 18:33:39 [ OK ] dell-laptop systemd autofs " Active: active (running) since Mon 2016-08-01 17:37:45 BST; 55min ago"
2016-08-01 18:35:52 [ OK ] dell-laptop netinf eth0 " UP BROADCAST RUNNING MULTICAST MTU:1500 Metric:1"
2016-08-01 18:35:52 [ OK ] dell-laptop netinf wlan0 " UP BROADCAST RUNNING MULTICAST MTU:1500 Metric:1"
2016-08-01 18:36:22 [ OK ] dell-laptop netinf eth0 " UP BROADCAST RUNNING MULTICAST MTU:1500 Metric:1"
2016-08-01 18:36:22 [ OK ] dell-laptop netinf wlan0 " UP BROADCAST RUNNING MULTICAST MTU:1500 Metric:1"
2016-08-01 18:37:34 [ OK ] dell-laptop netinf eth0 " UP BROADCAST RUNNING MULTICAST MTU:1500 Metric:1"
2016-08-01 18:37:34 [ OK ] dell-laptop netinf wlan0 " UP BROADCAST RUNNING MULTICAST MTU:1500 Metric:1"
2016-08-01 18:38:56 [ OK ] dell-laptop netinf eth0 " UP BROADCAST RUNNING MULTICAST MTU:1500 Metric:1"
2016-08-01 18:38:56 [ OK ] dell-laptop netinf wlan0 " UP BROADCAST RUNNING MULTICAST MTU:1500 Metric:1"
2016-08-01 18:38:56 [ OK ] dell-laptop systemd sshd " Active: active (running) since Mon 2016-08-01 17:37:36 BST; 1h 1min ago"
2016-08-01 18:38:56 [ OK ] dell-laptop systemd autofs " Active: active (running) since Mon 2016-08-01 17:37:45 BST; 1h 1min ago"
2016-08-01 18:39:21 [ OK ] dell-laptop netinf eth0 " UP BROADCAST RUNNING MULTICAST MTU:1500 Metric:1"
2016-08-01 18:39:21 [ OK ] dell-laptop netinf wlan0 " UP BROADCAST RUNNING MULTICAST MTU:1500 Metric:1"
2016-08-01 18:39:21 [ OK ] dell-laptop systemd sshd " Active: active (running) since Mon 2016-08-01 17:37:36 BST; 1h 1min ago"
2016-08-01 18:39:21 [ OK ] dell-laptop systemd autofs " Active: active (running) since Mon 2016-08-01 17:37:45 BST; 1h 1min ago"
2016-08-01 18:40:56 [ OK ] dell-laptop netinf eth0 " UP BROADCAST RUNNING MULTICAST MTU:1500 Metric:1"
2016-08-01 18:40:56 [ OK ] dell-laptop netinf wlan0 " UP BROADCAST RUNNING MULTICAST MTU:1500 Metric:1"
2016-08-01 18:40:56 [ OK ] dell-laptop systemd sshd " Active: active (running) since Mon 2016-08-01 17:37:36 BST; 1h 3min ago"
2016-08-01 18:40:56 [ OK ] dell-laptop systemd autofs " Active: active (running) since Mon 2016-08-01 17:37:45 BST; 1h 3min ago"
2016-08-01 18:42:50 [ OK ] dell-laptop netinf eth0 " UP BROADCAST RUNNING MULTICAST MTU:1500 Metric:1"
2016-08-01 18:42:50 [ OK ] dell-laptop netinf wlan0 " UP BROADCAST RUNNING MULTICAST MTU:1500 Metric:1"
2016-08-01 18:42:50 [ OK ] dell-laptop systemd sshd " Active: active (running) since Mon 2016-08-01 17:37:36 BST; 1h 5min ago"
2016-08-01 18:42:50 [ OK ] dell-laptop systemd autofs " Active: active (running) since Mon 2016-08-01 17:37:45 BST; 1h 5min ago"
2016-08-01 18:43:47 [ OK ] dell-laptop netinf eth0 " UP BROADCAST RUNNING MULTICAST MTU:1500 Metric:1"
2016-08-01 18:43:47 [ OK ] dell-laptop netinf wlan0 " UP BROADCAST RUNNING MULTICAST MTU:1500 Metric:1"
2016-08-01 18:43:47 [ OK ] dell-laptop systemd sshd " Active: active (running) since Mon 2016-08-01 17:37:36 BST; 1h 6min ago"
2016-08-01 18:43:47 [ OK ] dell-laptop systemd autofs " Active: active (running) since Mon 2016-08-01 17:37:45 BST; 1h 6min ago"
2016-08-01 18:47:26 [ OK ] dell-laptop netinf eth0 " UP BROADCAST RUNNING MULTICAST MTU:1500 Metric:1"
2016-08-01 18:47:26 [ OK ] dell-laptop netinf wlan0 " UP BROADCAST RUNNING MULTICAST MTU:1500 Metric:1"
2016-08-01 18:47:26 [ OK ] dell-laptop systemd sshd " Active: active (running) since Mon 2016-08-01 17:37:36 BST; 1h 9min ago"
2016-08-01 18:47:26 [ OK ] dell-laptop systemd autofs " Active: active (running) since Mon 2016-08-01 17:37:45 BST; 1h 9min ago"
2016-08-01 18:47:26 [DOWN] dell-laptop systemd mysql " Active: inactive (dead)"
2016-08-01 18:47:26 [DOWN] dell-laptop systemd dnsmasq " Active: inactive (dead)"
2016-08-01 18:47:42 [ OK ] dell-laptop netinf eth0 " UP BROADCAST RUNNING MULTICAST MTU:1500 Metric:1"
2016-08-01 18:47:42 [ OK ] dell-laptop netinf wlan0 " UP BROADCAST RUNNING MULTICAST MTU:1500 Metric:1"
2016-08-01 18:47:42 [ OK ] dell-laptop systemd sshd " Active: active (running) since Mon 2016-08-01 17:37:36 BST; 1h 10min ago"
2016-08-01 18:47:42 [ OK ] dell-laptop systemd autofs " Active: active (running) since Mon 2016-08-01 17:37:45 BST; 1h 9min ago"
2016-08-01 18:47:42 [DOWN] dell-laptop systemd mysql " Active: inactive (dead)"
2016-08-01 18:47:42 [DOWN] dell-laptop systemd dnsmasq " Active: inactive (dead)"
2016-08-01 18:48:03 [ OK ] dell-laptop netinf eth0 " UP BROADCAST RUNNING MULTICAST MTU:1500 Metric:1"
2016-08-01 18:48:03 [ OK ] dell-laptop netinf wlan0 " UP BROADCAST RUNNING MULTICAST MTU:1500 Metric:1"
2016-08-01 18:48:03 [ OK ] dell-laptop systemd sshd " Active: active (running) since Mon 2016-08-01 17:37:36 BST; 1h 10min ago"
2016-08-01 18:48:03 [ OK ] dell-laptop systemd autofs " Active: active (running) since Mon 2016-08-01 17:37:45 BST; 1h 10min ago"
2016-08-01 18:48:03 [DOWN] dell-laptop systemd mysql " Active: inactive (dead)"
2016-08-01 18:48:03 [DOWN] dell-laptop systemd dnsmasq " Active: inactive (dead)"
